2017-06-19 08:35:26,858 INFO Get tokens
2017-06-19 08:35:26,913 INFO Build network
2017-06-19 08:35:28,760 INFO Compile network
2017-06-19 08:36:20,011 INFO Load weights
2017-06-19 08:39:00,419 INFO Get tokens
2017-06-19 08:39:00,485 INFO Build network
2017-06-19 08:39:01,147 INFO Compile network
2017-06-19 08:39:27,883 INFO Load weights
2017-06-19 08:41:45,632 INFO Get tokens
2017-06-19 08:41:45,673 INFO Build network
2017-06-19 08:41:47,025 INFO Compile network
2017-06-19 08:42:40,067 INFO Load weights
2017-06-19 08:44:24,985 INFO Get tokens
2017-06-19 08:44:25,030 INFO Build network
2017-06-19 08:44:26,733 INFO Compile network
2017-06-19 08:45:18,642 INFO Load weights
2017-06-19 08:48:03,086 INFO Get tokens
2017-06-19 08:48:03,134 INFO Build network
2017-06-19 08:48:04,843 INFO Compile network
2017-06-19 08:49:03,149 INFO Load weights
2017-06-19 08:50:53,556 INFO Get tokens
2017-06-19 08:50:53,598 INFO Build network
2017-06-19 08:50:55,084 INFO Compile network
2017-06-19 08:51:52,442 INFO Load weights
2017-06-19 08:51:52,812 INFO Ready to use
2017-06-19 08:54:08,297 INFO Get tokens
2017-06-19 08:54:08,347 INFO Build network
2017-06-19 08:54:10,111 INFO Compile network
2017-06-19 08:55:02,322 INFO Load weights
2017-06-19 08:55:02,712 INFO Ready to use
2017-06-19 08:56:46,825 INFO Get tokens
2017-06-19 08:56:46,863 INFO Build network
2017-06-19 08:56:48,287 INFO Compile network
2017-06-19 08:57:44,534 INFO Load weights
2017-06-19 08:57:44,976 INFO Ready to use
2017-06-19 08:58:56,266 INFO Get tokens
2017-06-19 08:58:56,312 INFO Build network
2017-06-19 08:58:57,916 INFO Compile network
2017-06-19 08:59:53,863 INFO Load weights
2017-06-19 08:59:54,230 INFO Ready to use
2017-06-19 09:05:15,001 INFO Get tokens
2017-06-19 09:05:15,048 INFO Build network
2017-06-19 09:05:16,469 INFO Compile network
2017-06-19 09:06:08,216 INFO Load weights
2017-06-19 09:06:08,600 INFO Ready to use
2017-06-19 09:08:10,855 INFO Get tokens
2017-06-19 09:08:10,900 INFO Build network
2017-06-19 09:08:12,380 INFO Compile network
2017-06-19 09:09:11,266 INFO Load weights
2017-06-19 09:09:11,636 INFO Ready to use
2017-06-19 11:13:09,763 INFO Get tokens
2017-06-19 11:13:09,876 INFO Build network
2017-06-19 11:13:11,915 INFO Compile network
2017-06-19 11:14:11,604 INFO Load weights
2017-06-19 11:14:14,060 INFO Ready to use
2017-06-20 11:12:26,573 INFO Get tokens
2017-06-20 11:12:26,617 INFO Build network
2017-06-20 11:12:28,116 INFO Compile network
2017-06-20 11:13:35,410 INFO Load weights
2017-06-20 11:13:35,841 INFO Ready to use
2017-06-20 11:14:03,521 INFO Get tokens
2017-06-20 11:14:03,572 INFO Build network
2017-06-20 11:14:05,270 INFO Compile network
2017-06-20 11:14:58,022 INFO Load weights
2017-06-20 11:14:58,366 INFO Ready to use
2017-06-20 11:20:21,951 INFO Get tokens
2017-06-20 11:20:21,990 INFO Build network
2017-06-20 11:20:23,436 INFO Compile network
2017-06-20 11:21:18,778 INFO Load weights
2017-06-20 11:21:19,139 INFO Ready to use
2017-06-20 11:21:54,847 INFO Get tokens
2017-06-20 11:21:54,886 INFO Build network
2017-06-20 11:21:56,332 INFO Compile network
2017-06-20 11:22:43,085 INFO Load weights
2017-06-20 11:22:43,443 INFO Ready to use
2017-06-20 11:39:16,558 INFO Get tokens
2017-06-20 11:39:16,597 INFO Build network
2017-06-20 11:39:18,152 INFO Compile network
2017-06-20 11:40:00,829 INFO Load weights
2017-06-20 11:40:01,165 INFO Ready to use
2017-06-20 11:48:47,050 INFO Get tokens
2017-06-20 11:48:47,109 INFO Build network
2017-06-20 11:48:48,512 INFO Compile network
2017-06-20 11:49:31,655 INFO Load weights
2017-06-20 11:49:32,043 INFO Ready to use
2017-06-20 11:52:27,909 INFO Get tokens
2017-06-20 11:52:27,976 INFO Build network
2017-06-20 11:52:29,365 INFO Compile network
2017-06-20 11:53:23,105 INFO Load weights
2017-06-20 11:53:23,442 INFO Ready to use
2017-06-20 12:08:15,384 INFO Get tokens
2017-06-20 12:08:15,423 INFO Build network
2017-06-20 12:08:16,912 INFO Compile network
2017-06-20 12:09:04,155 INFO Load weights
2017-06-20 12:09:04,502 INFO Ready to use
2017-06-20 12:09:39,526 INFO Get tokens
2017-06-20 12:09:39,564 INFO Build network
2017-06-20 12:09:40,940 INFO Compile network
2017-06-20 12:10:27,163 INFO Load weights
2017-06-20 12:10:27,556 INFO Ready to use
2017-06-20 12:16:44,394 INFO Get tokens
2017-06-20 12:16:44,453 INFO Build network
2017-06-20 12:16:45,817 INFO Compile network
2017-06-20 12:17:31,459 INFO Load weights
2017-06-20 12:17:31,816 INFO Ready to use
2017-06-20 12:19:09,784 INFO Get tokens
2017-06-20 12:19:09,823 INFO Build network
2017-06-20 12:19:11,131 INFO Compile network
2017-06-20 12:19:56,648 INFO Load weights
2017-06-20 12:19:57,067 INFO Ready to use
2017-06-20 12:23:51,172 INFO Get tokens
2017-06-20 12:23:51,228 INFO Build network
2017-06-20 12:23:52,631 INFO Compile network
2017-06-20 12:24:36,159 INFO Load weights
2017-06-20 12:24:36,508 INFO Ready to use
2017-06-20 12:32:10,630 INFO Get tokens
2017-06-20 12:32:10,685 INFO Build network
2017-06-20 12:32:12,024 INFO Compile network
2017-06-20 12:32:53,004 INFO Load weights
2017-06-20 12:32:53,345 INFO Ready to use
2017-06-20 12:33:08,940 INFO Get tokens
2017-06-20 12:33:08,982 INFO Build network
2017-06-20 12:33:10,505 INFO Compile network
2017-06-20 12:34:01,469 INFO Load weights
2017-06-20 12:34:01,883 INFO Ready to use
2017-06-20 14:36:33,544 INFO Get tokens
2017-06-20 14:36:33,584 INFO Build network
2017-06-20 14:36:34,815 INFO Compile network
2017-06-20 14:37:15,448 INFO Load weights
2017-06-20 14:37:15,769 INFO Ready to use
2017-06-20 14:39:08,728 INFO Get tokens
2017-06-20 14:39:08,764 INFO Build network
2017-06-20 14:39:10,145 INFO Compile network
2017-06-20 14:40:02,442 INFO Load weights
2017-06-20 14:40:02,878 INFO Ready to use
2017-06-20 15:22:51,869 INFO Get tokens
2017-06-20 15:22:51,904 INFO Build network
2017-06-20 15:22:53,212 INFO Compile network
2017-06-20 15:23:42,809 INFO Load weights
2017-06-20 15:23:43,222 INFO Ready to use
2017-06-20 16:08:21,929 INFO Get tokens
2017-06-20 16:08:22,031 INFO Build network
2017-06-20 16:08:23,729 INFO Compile network
2017-06-20 16:09:04,739 INFO Load weights
2017-06-20 16:09:05,066 INFO Ready to use
2017-06-20 16:09:14,154 INFO Get tokens
2017-06-20 16:09:14,213 INFO Build network
2017-06-20 16:09:15,886 INFO Compile network
2017-06-20 16:09:55,208 INFO Load weights
2017-06-20 16:09:55,612 INFO Ready to use
2017-06-24 09:53:07,033 INFO Get tokens
2017-06-24 09:53:07,107 INFO Build network
2017-06-24 09:53:08,758 INFO Compile network
2017-06-24 09:54:05,661 INFO Load weights
2017-06-24 09:54:06,064 INFO Ready to use
2017-06-24 13:22:08,208 INFO Get tokens
2017-06-24 13:22:08,249 INFO Build network
2017-06-24 13:22:09,783 INFO Compile network
2017-06-24 13:28:32,199 INFO Get tokens
2017-06-24 13:28:32,268 INFO Build network
2017-06-24 13:28:34,338 INFO Compile network
2017-06-24 13:29:33,046 INFO Load weights
2017-06-24 13:29:33,435 INFO Ready to use
2017-06-24 13:32:45,273 INFO Get tokens
2017-06-24 13:32:45,347 INFO Build network
2017-06-24 13:32:47,091 INFO Compile network
2017-06-24 13:33:40,427 INFO Load weights
2017-06-24 13:33:40,772 INFO Ready to use
2017-06-24 13:47:38,419 INFO Get tokens
2017-06-24 13:47:38,461 INFO Build network
2017-06-24 13:47:40,278 INFO Compile network
2017-06-24 13:48:44,334 INFO Load weights
2017-06-24 13:48:44,741 INFO Ready to use
2017-06-25 09:45:59,709 INFO Get tokens
2017-06-25 09:45:59,794 INFO Build network
2017-06-25 09:46:01,744 INFO Compile network
2017-06-25 09:46:58,282 INFO Load weights
2017-06-25 09:46:59,482 INFO Ready to use
2017-06-25 14:17:46,708 INFO Get tokens
2017-06-25 14:17:46,874 INFO Build network
2017-06-25 14:17:49,701 INFO Compile network
2017-06-25 14:18:54,807 INFO Load weights
2017-06-25 14:18:55,262 INFO Ready to use
2017-06-25 15:00:24,880 INFO Get tokens
2017-06-25 15:00:24,952 INFO Build network
2017-06-25 15:00:27,041 INFO Compile network
2017-06-25 15:01:27,989 INFO Load weights
2017-06-25 15:01:28,920 INFO Ready to use
2017-06-25 15:03:34,967 INFO Get tokens
2017-06-25 15:03:35,007 INFO Build network
2017-06-25 15:03:37,462 INFO Compile network
2017-06-25 15:04:34,280 INFO Load weights
2017-06-25 15:04:34,725 INFO Ready to use
2017-06-30 13:45:49,989 INFO Get tokens
2017-06-30 13:45:50,057 INFO Build network
2017-06-30 13:45:52,860 INFO Compile network
2017-06-30 13:46:46,685 INFO Load weights
2017-07-02 09:13:54,048 INFO Get tokens
2017-07-02 09:13:54,135 INFO Build network
2017-07-02 09:13:57,304 INFO Compile network
2017-07-02 09:15:11,586 INFO Load weights
2017-07-02 09:15:12,566 INFO Ready to use
2017-07-10 12:30:45,637 INFO Get tokens
2017-07-10 12:30:45,743 INFO Build network
2017-07-10 12:30:47,615 INFO Compile network
2017-07-10 12:31:53,874 INFO Load weights
2017-07-10 12:31:54,679 INFO Ready to use
2017-07-17 15:37:08,539 INFO Get tokens
2017-07-17 15:37:08,626 INFO Build network
2017-07-17 15:37:10,671 INFO Compile network
2017-07-17 15:38:04,461 INFO Load weights
2017-07-17 15:38:05,214 INFO Ready to use
2017-08-23 14:03:57,267 INFO Get tokens
2017-08-23 14:03:57,336 INFO Build network
2017-08-23 14:03:58,931 INFO Compile network
2017-08-23 14:07:36,413 INFO Load weights
2017-08-23 14:07:37,167 INFO Ready to use
